2026-04-27 10:38:46,800 - INFO - 📊 Stock Market ETL Pipeline Started
2026-04-27 10:38:46,801 - INFO - Tracking: AAPL, MSFT, GOOGL, TSLA, AMZN
2026-04-27 10:38:46,801 - INFO - Database: stock_data_warehouse (manage via pgAdmin4)
2026-04-27 10:38:46,802 - INFO - 🚀 ETL Pipeline STARTED at 2026-04-27 10:38:46.802553
2026-04-27 10:40:36,475 - INFO - 📊 Stock Market ETL Pipeline Started
2026-04-27 10:40:36,475 - INFO - Tracking: AAPL, MSFT, GOOGL, TSLA, AMZN
2026-04-27 10:40:36,476 - INFO - Database: stock_data_warehouse (manage via pgAdmin4)
2026-04-27 10:40:36,477 - INFO - 🚀 ETL Pipeline STARTED at 2026-04-27 10:40:36.477617
2026-04-27 10:40:47,647 - ERROR - Extract failed for AAPL: HTTPSConnectionPool(host='api.twelvedata.com', port=443): Max retries exceeded with url: /quote?symbol=AAPL&apikey=3d5e96d6bd244d5ca12ae7a29e863465 (Caused by NameResolutionError("HTTPSConnection(host='api.twelvedata.com', port=443): Failed to resolve 'api.twelvedata.com' ([Errno 11001] getaddrinfo failed)"))
2026-04-27 10:40:50,202 - WARNING - No price data for MSFT
2026-04-27 10:40:52,771 - WARNING - No price data for GOOGL
2026-04-27 10:41:01,780 - WARNING - No price data for TSLA
2026-04-27 10:41:10,683 - WARNING - No price data for AMZN
2026-04-27 10:41:12,723 - INFO - ✅ ETL Pipeline COMPLETED - Extracted: 0, Loaded: 0
2026-04-27 10:47:39,613 - INFO - 📊 Stock Market ETL Pipeline Started
2026-04-27 10:47:39,613 - INFO - Tracking: AAPL, MSFT, GOOGL, TSLA, AMZN
2026-04-27 10:47:39,614 - INFO - Database: stock_data_warehouse (manage via pgAdmin4)
2026-04-27 10:47:39,614 - INFO - 🚀 ETL Pipeline STARTED at 2026-04-27 10:47:39.614861
2026-04-27 10:47:40,927 - WARNING - No price data for AAPL
2026-04-27 10:47:43,489 - WARNING - No price data for MSFT
2026-04-27 10:47:46,049 - WARNING - No price data for GOOGL
2026-04-27 10:47:48,615 - WARNING - No price data for TSLA
2026-04-27 10:47:51,270 - WARNING - No price data for AMZN
2026-04-27 10:47:53,278 - INFO - ✅ ETL Pipeline COMPLETED - Extracted: 0, Loaded: 0
2026-04-27 10:47:53,279 - INFO - 🚀 ETL Pipeline STARTED at 2026-04-27 10:47:53.279156
2026-04-27 10:47:53,930 - WARNING - No price data for AAPL
2026-04-27 10:47:56,596 - WARNING - No price data for MSFT
2026-04-27 10:47:59,260 - WARNING - No price data for GOOGL
2026-04-27 10:48:02,223 - WARNING - No price data for TSLA
2026-04-27 10:48:04,785 - WARNING - No price data for AMZN
2026-04-27 10:48:06,828 - INFO - ✅ ETL Pipeline COMPLETED - Extracted: 0, Loaded: 0
2026-04-27 10:50:23,138 - INFO - 📊 Stock Market ETL Pipeline Started
2026-04-27 10:50:23,138 - INFO - Tracking: AAPL, MSFT, GOOGL, TSLA, AMZN
2026-04-27 10:50:23,139 - INFO - Using API Key: 3d5e96d6bd...
2026-04-27 10:50:23,140 - INFO - Database: stock_data_warehouse (manage via pgAdmin4)
2026-04-27 10:50:23,141 - INFO - Testing API connection...
2026-04-27 10:50:23,657 - INFO - Extracted data for AAPL: $271.059998
2026-04-27 10:50:23,658 - INFO - ✅ API test successful! Got AAPL price: $271.059998
2026-04-27 10:50:23,659 - INFO - 🚀 ETL Pipeline STARTED at 2026-04-27 10:50:23.659396
2026-04-27 10:50:24,157 - INFO - Extracted data for AAPL: $271.059998
2026-04-27 10:50:24,159 - INFO - Transformed data for AAPL: $271.059998
2026-04-27 10:50:24,165 - ERROR - Load failed: (psycopg2.errors.InvalidTextRepresentation) invalid input syntax for type json
LINE 3:                 VALUES ('AAPL', '{''symbol'': ''AAPL'', ''pr...
                                        ^
DETAIL:  Token "'" is invalid.
CONTEXT:  JSON data, line 1: {'...

[SQL: 
                INSERT INTO staging_stock_data (symbol, raw_json, ingested_at)
                VALUES (%(symbol)s, %(raw_json)s, %(ingested_at)s)
            ]
[parameters: {'symbol': 'AAPL', 'raw_json': "{'symbol': 'AAPL', 'price': 271.059998, 'volume': 38124500, 'open': 272.76001, 'high': 273.059998, 'low': 269.64999}", 'ingested_at': datetime.datetime(2026, 4, 27, 10, 50, 24, 159078)}]
(Background on this error at: https://sqlalche.me/e/20/9h9h)
2026-04-27 10:50:26,813 - INFO - Extracted data for MSFT: $424.62
2026-04-27 10:50:26,818 - INFO - Transformed data for MSFT: $424.62
2026-04-27 10:50:26,820 - ERROR - Load failed: (psycopg2.errors.InvalidTextRepresentation) invalid input syntax for type json
LINE 3:                 VALUES ('MSFT', '{''symbol'': ''MSFT'', ''pr...
                                        ^
DETAIL:  Token "'" is invalid.
CONTEXT:  JSON data, line 1: {'...

[SQL: 
                INSERT INTO staging_stock_data (symbol, raw_json, ingested_at)
                VALUES (%(symbol)s, %(raw_json)s, %(ingested_at)s)
            ]
[parameters: {'symbol': 'MSFT', 'raw_json': "{'symbol': 'MSFT', 'price': 424.62, 'volume': 27413900, 'open': 416.97, 'high': 424.95001, 'low': 415.79999}", 'ingested_at': datetime.datetime(2026, 4, 27, 10, 50, 26, 818598)}]
(Background on this error at: https://sqlalche.me/e/20/9h9h)
2026-04-27 10:50:29,375 - INFO - Extracted data for GOOGL: $344.39999
2026-04-27 10:50:29,377 - INFO - Transformed data for GOOGL: $344.39999
2026-04-27 10:50:29,379 - ERROR - Load failed: (psycopg2.errors.InvalidTextRepresentation) invalid input syntax for type json
LINE 3:                 VALUES ('GOOGL', '{''symbol'': ''GOOGL'', ''...
                                         ^
DETAIL:  Token "'" is invalid.
CONTEXT:  JSON data, line 1: {'...

[SQL: 
                INSERT INTO staging_stock_data (symbol, raw_json, ingested_at)
                VALUES (%(symbol)s, %(raw_json)s, %(ingested_at)s)
            ]
[parameters: {'symbol': 'GOOGL', 'raw_json': "{'symbol': 'GOOGL', 'price': 344.39999, 'volume': 26400000, 'open': 338.73001, 'high': 345.26999, 'low': 335.39001}", 'ingested_at': datetime.datetime(2026, 4, 27, 10, 50, 29, 377332)}]
(Background on this error at: https://sqlalche.me/e/20/9h9h)
2026-04-27 10:50:31,832 - INFO - Extracted data for TSLA: $376.29999
2026-04-27 10:50:31,834 - INFO - Transformed data for TSLA: $376.29999
2026-04-27 10:50:31,836 - ERROR - Load failed: (psycopg2.errors.InvalidTextRepresentation) invalid input syntax for type json
LINE 3:                 VALUES ('TSLA', '{''symbol'': ''TSLA'', ''pr...
                                        ^
DETAIL:  Token "'" is invalid.
CONTEXT:  JSON data, line 1: {'...

[SQL: 
                INSERT INTO staging_stock_data (symbol, raw_json, ingested_at)
                VALUES (%(symbol)s, %(raw_json)s, %(ingested_at)s)
            ]
[parameters: {'symbol': 'TSLA', 'raw_json': "{'symbol': 'TSLA', 'price': 376.29999, 'volume': 62753700, 'open': 373.5, 'high': 382.76001, 'low': 370.73001}", 'ingested_at': datetime.datetime(2026, 4, 27, 10, 50, 31, 834357)}]
(Background on this error at: https://sqlalche.me/e/20/9h9h)
2026-04-27 10:50:34,293 - INFO - Extracted data for AMZN: $263.98999
2026-04-27 10:50:34,295 - INFO - Transformed data for AMZN: $263.98999
2026-04-27 10:50:34,297 - ERROR - Load failed: (psycopg2.errors.InvalidTextRepresentation) invalid input syntax for type json
LINE 3:                 VALUES ('AMZN', '{''symbol'': ''AMZN'', ''pr...
                                        ^
DETAIL:  Token "'" is invalid.
CONTEXT:  JSON data, line 1: {'...

[SQL: 
                INSERT INTO staging_stock_data (symbol, raw_json, ingested_at)
                VALUES (%(symbol)s, %(raw_json)s, %(ingested_at)s)
            ]
[parameters: {'symbol': 'AMZN', 'raw_json': "{'symbol': 'AMZN', 'price': 263.98999, 'volume': 53695200, 'open': 259.98001, 'high': 264.5, 'low': 257.69}", 'ingested_at': datetime.datetime(2026, 4, 27, 10, 50, 34, 295789)}]
(Background on this error at: https://sqlalche.me/e/20/9h9h)
2026-04-27 10:50:36,305 - INFO - ✅ ETL Pipeline COMPLETED - Extracted: 5, Loaded: 0
2026-04-27 10:51:44,662 - INFO - 📊 Stock Market ETL Pipeline Started
2026-04-27 10:51:44,662 - INFO - Tracking: AAPL, MSFT, GOOGL, TSLA, AMZN
2026-04-27 10:51:44,663 - INFO - Using API Key: 3d5e96d6bd...
2026-04-27 10:51:44,664 - INFO - Database: stock_data_warehouse (manage via pgAdmin4)
2026-04-27 10:51:44,664 - INFO - Testing API connection...
2026-04-27 10:51:45,149 - INFO - Extracted data for AAPL: $271.059998
2026-04-27 10:51:45,152 - INFO - ✅ API test successful! Got AAPL price: $271.059998
2026-04-27 10:51:45,152 - INFO - 🚀 ETL Pipeline STARTED at 2026-04-27 10:51:45.152852
2026-04-27 10:51:45,669 - INFO - Extracted data for AAPL: $271.059998
2026-04-27 10:51:45,671 - INFO - Transformed data for AAPL: $271.059998
2026-04-27 10:51:45,683 - INFO - Loaded AAPL into PostgreSQL
2026-04-27 10:51:48,236 - INFO - Extracted data for MSFT: $424.62
2026-04-27 10:51:48,238 - INFO - Transformed data for MSFT: $424.62
2026-04-27 10:51:48,243 - INFO - Loaded MSFT into PostgreSQL
2026-04-27 10:51:50,690 - INFO - Extracted data for GOOGL: $344.39999
2026-04-27 10:51:50,691 - INFO - Transformed data for GOOGL: $344.39999
2026-04-27 10:51:50,696 - INFO - Loaded GOOGL into PostgreSQL
2026-04-27 10:51:53,157 - INFO - Extracted data for TSLA: $376.29999
2026-04-27 10:51:53,159 - INFO - Transformed data for TSLA: $376.29999
2026-04-27 10:51:53,163 - INFO - Loaded TSLA into PostgreSQL
2026-04-27 10:51:55,802 - INFO - Extracted data for AMZN: $263.98999
2026-04-27 10:51:55,805 - INFO - Transformed data for AMZN: $263.98999
2026-04-27 10:51:55,810 - INFO - Loaded AMZN into PostgreSQL
2026-04-27 10:51:57,815 - INFO - ✅ ETL Pipeline COMPLETED - Extracted: 5, Loaded: 5
2026-04-27 10:52:28,102 - INFO - 📊 Stock Market ETL Pipeline Started
2026-04-27 10:52:28,103 - INFO - Tracking: AAPL, MSFT, GOOGL, TSLA, AMZN
2026-04-27 10:52:28,103 - INFO - Using API Key: 3d5e96d6bd...
2026-04-27 10:52:28,104 - INFO - Database: stock_data_warehouse (manage via pgAdmin4)
2026-04-27 10:52:28,104 - INFO - Testing API connection...
2026-04-27 10:52:28,785 - INFO - Extracted data for AAPL: $271.059998
2026-04-27 10:52:28,786 - INFO - ✅ API test successful! Got AAPL price: $271.059998
2026-04-27 10:52:28,787 - INFO - 🚀 ETL Pipeline STARTED at 2026-04-27 10:52:28.787425
2026-04-27 10:52:29,403 - INFO - Extracted data for AAPL: $271.059998
2026-04-27 10:52:29,404 - INFO - Transformed data for AAPL: $271.059998
2026-04-27 10:52:29,410 - INFO - Loaded AAPL into PostgreSQL
2026-04-27 10:52:31,847 - INFO - Extracted data for MSFT: $424.62
2026-04-27 10:52:31,848 - INFO - Transformed data for MSFT: $424.62
2026-04-27 10:52:31,851 - INFO - Loaded MSFT into PostgreSQL
2026-04-27 10:52:34,299 - INFO - Extracted data for GOOGL: $344.39999
2026-04-27 10:52:34,300 - INFO - Transformed data for GOOGL: $344.39999
2026-04-27 10:52:34,306 - INFO - Loaded GOOGL into PostgreSQL
2026-04-27 10:52:37,064 - INFO - Extracted data for TSLA: $376.29999
2026-04-27 10:52:37,066 - INFO - Transformed data for TSLA: $376.29999
2026-04-27 10:52:37,071 - INFO - Loaded TSLA into PostgreSQL
2026-04-27 10:52:39,521 - INFO - Extracted data for AMZN: $263.98999
2026-04-27 10:52:39,523 - INFO - Transformed data for AMZN: $263.98999
2026-04-27 10:52:39,525 - INFO - Loaded AMZN into PostgreSQL
2026-04-27 10:52:41,533 - INFO - ✅ ETL Pipeline COMPLETED - Extracted: 5, Loaded: 5
2026-04-27 10:52:53,539 - INFO - 🚀 ETL Pipeline STARTED at 2026-04-27 10:52:53.539636
2026-04-27 10:52:54,062 - INFO - Extracted data for AAPL: $271.059998
2026-04-27 10:52:54,064 - INFO - Transformed data for AAPL: $271.059998
2026-04-27 10:52:54,069 - INFO - Loaded AAPL into PostgreSQL
2026-04-27 10:52:56,525 - INFO - Extracted data for MSFT: $424.62
2026-04-27 10:52:56,526 - INFO - Transformed data for MSFT: $424.62
2026-04-27 10:52:56,529 - INFO - Loaded MSFT into PostgreSQL
2026-04-27 10:52:58,984 - WARNING - Rate limit hit for GOOGL
2026-04-27 10:53:01,438 - INFO - Extracted data for TSLA: $376.29999
2026-04-27 10:53:01,440 - INFO - Transformed data for TSLA: $376.29999
2026-04-27 10:53:01,445 - INFO - Loaded TSLA into PostgreSQL
2026-04-27 10:53:03,896 - INFO - Extracted data for AMZN: $263.98999
2026-04-27 10:53:03,897 - INFO - Transformed data for AMZN: $263.98999
2026-04-27 10:53:03,903 - INFO - Loaded AMZN into PostgreSQL
2026-04-27 10:53:05,910 - INFO - ✅ ETL Pipeline COMPLETED - Extracted: 4, Loaded: 4
2026-04-27 10:53:06,911 - INFO - 🚀 ETL Pipeline STARTED at 2026-04-27 10:53:06.911591
2026-04-27 10:53:07,902 - INFO - Extracted data for AAPL: $271.059998
2026-04-27 10:53:07,904 - INFO - Transformed data for AAPL: $271.059998
2026-04-27 10:53:07,910 - INFO - Loaded AAPL into PostgreSQL
2026-04-27 10:53:10,447 - INFO - Extracted data for MSFT: $424.62
2026-04-27 10:53:10,448 - INFO - Transformed data for MSFT: $424.62
2026-04-27 10:53:10,451 - INFO - Loaded MSFT into PostgreSQL
2026-04-27 10:53:13,224 - INFO - Extracted data for GOOGL: $344.39999
2026-04-27 10:53:13,226 - INFO - Transformed data for GOOGL: $344.39999
2026-04-27 10:53:13,229 - INFO - Loaded GOOGL into PostgreSQL
2026-04-27 10:53:15,785 - INFO - Extracted data for TSLA: $376.29999
2026-04-27 10:53:15,786 - INFO - Transformed data for TSLA: $376.29999
2026-04-27 10:53:15,792 - INFO - Loaded TSLA into PostgreSQL
2026-04-27 10:53:18,333 - INFO - Extracted data for AMZN: $263.98999
2026-04-27 10:53:18,334 - INFO - Transformed data for AMZN: $263.98999
2026-04-27 10:53:18,339 - INFO - Loaded AMZN into PostgreSQL
2026-04-27 10:53:20,383 - INFO - ✅ ETL Pipeline COMPLETED - Extracted: 5, Loaded: 5
2026-04-27 15:25:58,895 - INFO - 📊 Stock Market ETL Pipeline Started
2026-04-27 15:25:58,896 - INFO - Tracking: AAPL, MSFT, GOOGL, TSLA, AMZN
2026-04-27 15:25:58,896 - INFO - Using API Key: 3d5e96d6bd...
2026-04-27 15:25:58,897 - INFO - Database: stock_data_warehouse (manage via pgAdmin4)
2026-04-27 15:25:58,897 - INFO - Testing API connection...
2026-04-27 15:25:59,544 - INFO - Extracted data for AAPL: $271.059998
2026-04-27 15:25:59,546 - INFO - ✅ API test successful! Got AAPL price: $271.059998
2026-04-27 15:25:59,547 - INFO - 🚀 ETL Pipeline STARTED at 2026-04-27 15:25:59.547805
2026-04-27 15:26:00,085 - INFO - Extracted data for AAPL: $271.059998
2026-04-27 15:26:00,086 - INFO - Transformed data for AAPL: $271.059998
2026-04-27 15:26:00,097 - INFO - Loaded AAPL into PostgreSQL
2026-04-27 15:26:02,498 - INFO - Extracted data for MSFT: $424.62
2026-04-27 15:26:02,500 - INFO - Transformed data for MSFT: $424.62
2026-04-27 15:26:02,505 - INFO - Loaded MSFT into PostgreSQL
2026-04-27 15:26:05,112 - INFO - Extracted data for GOOGL: $344.39999
2026-04-27 15:26:05,113 - INFO - Transformed data for GOOGL: $344.39999
2026-04-27 15:26:05,117 - INFO - Loaded GOOGL into PostgreSQL
2026-04-27 15:26:08,484 - INFO - Extracted data for TSLA: $376.29999
2026-04-27 15:26:08,486 - INFO - Transformed data for TSLA: $376.29999
2026-04-27 15:26:08,489 - INFO - Loaded TSLA into PostgreSQL
2026-04-27 15:26:10,830 - INFO - Extracted data for AMZN: $263.98999
2026-04-27 15:26:10,831 - INFO - Transformed data for AMZN: $263.98999
2026-04-27 15:26:10,834 - INFO - Loaded AMZN into PostgreSQL
2026-04-27 15:26:12,838 - INFO - ✅ ETL Pipeline COMPLETED - Extracted: 5, Loaded: 5
